# JRE version: Java(TM) SE Runtime Environment (21.0.2+13) (build 21.0.2+13-LTS-58)
# Java VM: Java HotSpot(TM) 64-Bit Server VM (21.0.2+13-LTS-58, mixed mode, emulated-client, sharing, tiered, compressed oops, compressed class ptrs, g1 gc, windows-amd64)
GC Precious Log:
 CardTable entry size: 512
 Card Set container configuration: InlinePtr #cards 5 size 8 Array Of Cards #cards 12 size 40 Howl #buckets 4 coarsen threshold 1843 Howl Bitmap #cards 512 size 80 coarsen threshold 460 Card regions per heap region 1 cards per card region 2048
 CPUs: 12 total, 12 available
 Memory: 8062M
 Large Page Support: Disabled
 NUMA Support: Disabled
 Compressed Oops: Enabled (32-bit)
 Heap Region Size: 1M
 Heap Min Capacity: 8M
 Heap Initial Capacity: 126M
 Heap Max Capacity: 2016M
 Pre-touch: Disabled
 Parallel Workers: 10
 Concurrent Workers: 3
 Concurrent Refinement Workers: 10
 Periodic GC: Disabled
Heap:
 garbage-first heap   total 61440K, used 30563K [0x0000000082000000, 0x0000000100000000)
  region size 1024K, 16 young (16384K), 4 survivors (4096K)
 Metaspace       used 37864K, committed 38528K, reserved 1114112K
  class space    used 5051K, committed 5312K, reserved 1048576K
GC Heap History (20 events):
Event: 1.220 GC heap before
{Heap before GC invocations=6 (full 0):
 garbage-first heap   total 41984K, used 31655K [0x0000000082000000, 0x0000000100000000)
  region size 1024K, 24 young (24576K), 2 survivors (2048K)
 Metaspace       used 21665K, committed 22016K, reserved 1114112K
  class space    used 2784K, committed 2944K, reserved 1048576K
}
Event: 1.221 GC heap after
{Heap after GC invocations=7 (full 0):
 garbage-first heap   total 51200K, used 11918K [0x0000000082000000, 0x0000000100000000)
  region size 1024K, 3 young (3072K), 3 survivors (3072K)
 Metaspace       used 21665K, committed 22016K, reserved 1114112K
  class space    used 2784K, committed 2944K, reserved 1048576K
}
Event: 1.395 GC heap before
{Heap before GC invocations=7 (full 0):
 garbage-first heap   total 51200K, used 38542K [0x0000000082000000, 0x0000000100000000)
  region size 1024K, 30 young (30720K), 3 survivors (3072K)
 Metaspace       used 23032K, committed 23360K, reserved 1114112K
  class space    used 2980K, committed 3136K, reserved 1048576K
}
Event: 1.397 GC heap after
{Heap after GC invocations=8 (full 0):
 garbage-first heap   total 51200K, used 12799K [0x0000000082000000, 0x0000000100000000)
  region size 1024K, 3 young (3072K), 3 survivors (3072K)
 Metaspace       used 23032K, committed 23360K, reserved 1114112K
  class space    used 2980K, committed 3136K, reserved 1048576K
}
Event: 1.574 GC heap before
{Heap before GC invocations=8 (full 0):
 garbage-first heap   total 51200K, used 39423K [0x0000000082000000, 0x0000000100000000)
  region size 1024K, 30 young (30720K), 3 survivors (3072K)
 Metaspace       used 25126K, committed 25600K, reserved 1114112K
  class space    used 3297K, committed 3520K, reserved 1048576K
}
Event: 1.576 GC heap after
{Heap after GC invocations=9 (full 0):
 garbage-first heap   total 51200K, used 13906K [0x0000000082000000, 0x0000000100000000)
  region size 1024K, 3 young (3072K), 3 survivors (3072K)
 Metaspace       used 25126K, committed 25600K, reserved 1114112K
  class space    used 3297K, committed 3520K, reserved 1048576K
}
Event: 1.757 GC heap before
{Heap before GC invocations=9 (full 0):
 garbage-first heap   total 51200K, used 41554K [0x0000000082000000, 0x0000000100000000)
  region size 1024K, 30 young (30720K), 3 survivors (3072K)
 Metaspace       used 27570K, committed 28096K, reserved 1114112K
  class space    used 3672K, committed 3904K, reserved 1048576K
}
Event: 1.760 GC heap after
{Heap after GC invocations=10 (full 0):
 garbage-first heap   total 51200K, used 15770K [0x0000000082000000, 0x0000000100000000)
  region size 1024K, 4 young (4096K), 4 survivors (4096K)
 Metaspace       used 27570K, committed 28096K, reserved 1114112K
  class space    used 3672K, committed 3904K, reserved 1048576K
}
Event: 1.914 GC heap before
{Heap before GC invocations=10 (full 0):
 garbage-first heap   total 51200K, used 42394K [0x0000000082000000, 0x0000000100000000)
  region size 1024K, 30 young (30720K), 4 survivors (4096K)
 Metaspace       used 29640K, committed 30208K, reserved 1114112K
  class space    used 3920K, committed 4160K, reserved 1048576K
}
Event: 1.918 GC heap after
{Heap after GC invocations=11 (full 0):
 garbage-first heap   total 61440K, used 16897K [0x0000000082000000, 0x0000000100000000)
  region size 1024K, 4 young (4096K), 4 survivors (4096K)
 Metaspace       used 29640K, committed 30208K, reserved 1114112K
  class space    used 3920K, committed 4160K, reserved 1048576K
}
Event: 1.977 GC heap before
{Heap before GC invocations=11 (full 0):
 garbage-first heap   total 61440K, used 27137K [0x0000000082000000, 0x0000000100000000)
  region size 1024K, 15 young (15360K), 4 survivors (4096K)
 Metaspace       used 30522K, committed 31040K, reserved 1114112K
  class space    used 4051K, committed 4288K, reserved 1048576K
}
Event: 1.979 GC heap after
{Heap after GC invocations=12 (full 0):
 garbage-first heap   total 61440K, used 17506K [0x0000000082000000, 0x0000000100000000)
  region size 1024K, 2 young (2048K), 2 survivors (2048K)
 Metaspace       used 30522K, committed 31040K, reserved 1114112K
  class space    used 4051K, committed 4288K, reserved 1048576K
}
Event: 2.174 GC heap before
{Heap before GC invocations=13 (full 0):
 garbage-first heap   total 61440K, used 52322K [0x0000000082000000, 0x0000000100000000)
  region size 1024K, 36 young (36864K), 2 survivors (2048K)
 Metaspace       used 34794K, committed 35456K, reserved 1114112K
  class space    used 4593K, committed 4864K, reserved 1048576K
}
Event: 2.176 GC heap after
{Heap after GC invocations=14 (full 0):
 garbage-first heap   total 61440K, used 18841K [0x0000000082000000, 0x0000000100000000)
  region size 1024K, 4 young (4096K), 4 survivors (4096K)
 Metaspace       used 34794K, committed 35456K, reserved 1114112K
  class space    used 4593K, committed 4864K, reserved 1048576K
}
Event: 2.376 GC heap before
{Heap before GC invocations=14 (full 0):
 garbage-first heap   total 61440K, used 51609K [0x0000000082000000, 0x0000000100000000)
  region size 1024K, 36 young (36864K), 4 survivors (4096K)
 Metaspace       used 37039K, committed 37632K, reserved 1114112K
  class space    used 4908K, committed 5184K, reserved 1048576K
}
Event: 2.382 GC heap after
{Heap after GC invocations=15 (full 0):
 garbage-first heap   total 61440K, used 20989K [0x0000000082000000, 0x0000000100000000)
  region size 1024K, 5 young (5120K), 5 survivors (5120K)
 Metaspace       used 37039K, committed 37632K, reserved 1114112K
  class space    used 4908K, committed 5184K, reserved 1048576K
}
Event: 129.380 GC heap before
{Heap before GC invocations=15 (full 0):
 garbage-first heap   total 61440K, used 39421K [0x0000000082000000, 0x0000000100000000)
  region size 1024K, 24 young (24576K), 5 survivors (5120K)
 Metaspace       used 37808K, committed 38400K, reserved 1114112K
  class space    used 5041K, committed 5312K, reserved 1048576K
}
Event: 129.405 GC heap after
{Heap after GC invocations=16 (full 1):
 garbage-first heap   total 61440K, used 17045K [0x0000000082000000, 0x0000000100000000)
  region size 1024K, 0 young (0K), 0 survivors (0K)
 Metaspace       used 37750K, committed 38400K, reserved 1114112K
  class space    used 5028K, committed 5312K, reserved 1048576K
}
Event: 129.740 GC heap before
{Heap before GC invocations=16 (full 1):
 garbage-first heap   total 61440K, used 52885K [0x0000000082000000, 0x0000000100000000)
  region size 1024K, 35 young (35840K), 0 survivors (0K)
 Metaspace       used 37813K, committed 38464K, reserved 1114112K
  class space    used 5044K, committed 5312K, reserved 1048576K
}
Event: 129.742 GC heap after
{Heap after GC invocations=17 (full 1):
 garbage-first heap   total 61440K, used 20323K [0x0000000082000000, 0x0000000100000000)
  region size 1024K, 4 young (4096K), 4 survivors (4096K)
 Metaspace       used 37813K, committed 38464K, reserved 1114112K
  class space    used 5044K, committed 5312K, reserved 1048576K
}

