# JRE version: Java(TM) SE Runtime Environment (21.0.2+13) (build 21.0.2+13-LTS-58)
# Java VM: Java HotSpot(TM) 64-Bit Server VM (21.0.2+13-LTS-58, mixed mode, emulated-client, sharing, tiered, compressed oops, compressed class ptrs, g1 gc, windows-amd64)
GC Precious Log:
 CardTable entry size: 512
 Card Set container configuration: InlinePtr #cards 5 size 8 Array Of Cards #cards 12 size 40 Howl #buckets 4 coarsen threshold 1843 Howl Bitmap #cards 512 size 80 coarsen threshold 460 Card regions per heap region 1 cards per card region 2048
 CPUs: 12 total, 12 available
 Memory: 8062M
 Large Page Support: Disabled
 NUMA Support: Disabled
 Compressed Oops: Enabled (32-bit)
 Heap Region Size: 1M
 Heap Min Capacity: 8M
 Heap Initial Capacity: 126M
 Heap Max Capacity: 2016M
 Pre-touch: Disabled
 Parallel Workers: 10
 Concurrent Workers: 3
 Concurrent Refinement Workers: 10
 Periodic GC: Disabled
Heap:
 garbage-first heap   total 49152K, used 19596K [0x0000000082000000, 0x0000000100000000)
  region size 1024K, 10 young (10240K), 4 survivors (4096K)
 Metaspace       used 28261K, committed 28864K, reserved 1114112K
  class space    used 3704K, committed 3968K, reserved 1048576K
GC Heap History (18 events):
Event: 0.497 GC heap before
{Heap before GC invocations=0 (full 0):
 garbage-first heap   total 129024K, used 22528K [0x0000000082000000, 0x0000000100000000)
  region size 1024K, 23 young (23552K), 0 survivors (0K)
 Metaspace       used 7108K, committed 7296K, reserved 1114112K
  class space    used 805K, committed 896K, reserved 1048576K
}
Event: 0.501 GC heap after
{Heap after GC invocations=1 (full 0):
 garbage-first heap   total 129024K, used 4981K [0x0000000082000000, 0x0000000100000000)
  region size 1024K, 3 young (3072K), 3 survivors (3072K)
 Metaspace       used 7108K, committed 7296K, reserved 1114112K
  class space    used 805K, committed 896K, reserved 1048576K
}
Event: 0.707 GC heap before
{Heap before GC invocations=1 (full 0):
 garbage-first heap   total 129024K, used 34677K [0x0000000082000000, 0x0000000100000000)
  region size 1024K, 33 young (33792K), 3 survivors (3072K)
 Metaspace       used 10779K, committed 11072K, reserved 1114112K
  class space    used 1298K, committed 1408K, reserved 1048576K
}
Event: 0.710 GC heap after
{Heap after GC invocations=2 (full 0):
 garbage-first heap   total 129024K, used 6585K [0x0000000082000000, 0x0000000100000000)
  region size 1024K, 2 young (2048K), 2 survivors (2048K)
 Metaspace       used 10779K, committed 11072K, reserved 1114112K
  class space    used 1298K, committed 1408K, reserved 1048576K
}
Event: 0.998 GC heap before
{Heap before GC invocations=2 (full 0):
 garbage-first heap   total 129024K, used 80313K [0x0000000082000000, 0x0000000100000000)
  region size 1024K, 75 young (76800K), 2 survivors (2048K)
 Metaspace       used 17669K, committed 18048K, reserved 1114112K
  class space    used 2220K, committed 2368K, reserved 1048576K
}
Event: 1.000 GC heap after
{Heap after GC invocations=3 (full 0):
 garbage-first heap   total 129024K, used 8974K [0x0000000082000000, 0x0000000100000000)
  region size 1024K, 4 young (4096K), 4 survivors (4096K)
 Metaspace       used 17669K, committed 18048K, reserved 1114112K
  class space    used 2220K, committed 2368K, reserved 1048576K
}
Event: 1.026 GC heap before
{Heap before GC invocations=3 (full 0):
 garbage-first heap   total 129024K, used 20238K [0x0000000082000000, 0x0000000100000000)
  region size 1024K, 16 young (16384K), 4 survivors (4096K)
 Metaspace       used 18797K, committed 19200K, reserved 1114112K
  class space    used 2377K, committed 2560K, reserved 1048576K
}
Event: 1.028 GC heap after
{Heap after GC invocations=4 (full 0):
 garbage-first heap   total 129024K, used 9144K [0x0000000082000000, 0x0000000100000000)
  region size 1024K, 4 young (4096K), 4 survivors (4096K)
 Metaspace       used 18797K, committed 19200K, reserved 1114112K
  class space    used 2377K, committed 2560K, reserved 1048576K
}
Event: 1.099 GC heap before
{Heap before GC invocations=5 (full 0):
 garbage-first heap   total 40960K, used 33720K [0x0000000082000000, 0x0000000100000000)
  region size 1024K, 28 young (28672K), 4 survivors (4096K)
 Metaspace       used 20599K, committed 20992K, reserved 1114112K
  class space    used 2631K, committed 2816K, reserved 1048576K
}
Event: 1.102 GC heap after
{Heap after GC invocations=6 (full 0):
 garbage-first heap   total 40960K, used 10091K [0x0000000082000000, 0x0000000100000000)
  region size 1024K, 2 young (2048K), 2 survivors (2048K)
 Metaspace       used 20599K, committed 20992K, reserved 1114112K
  class space    used 2631K, committed 2816K, reserved 1048576K
}
Event: 1.236 GC heap before
{Heap before GC invocations=6 (full 0):
 garbage-first heap   total 40960K, used 32619K [0x0000000082000000, 0x0000000100000000)
  region size 1024K, 24 young (24576K), 2 survivors (2048K)
 Metaspace       used 21786K, committed 22208K, reserved 1114112K
  class space    used 2818K, committed 3008K, reserved 1048576K
}
Event: 1.238 GC heap after
{Heap after GC invocations=7 (full 0):
 garbage-first heap   total 40960K, used 11196K [0x0000000082000000, 0x0000000100000000)
  region size 1024K, 3 young (3072K), 3 survivors (3072K)
 Metaspace       used 21786K, committed 22208K, reserved 1114112K
  class space    used 2818K, committed 3008K, reserved 1048576K
}
Event: 1.354 GC heap before
{Heap before GC invocations=7 (full 0):
 garbage-first heap   total 40960K, used 32700K [0x0000000082000000, 0x0000000100000000)
  region size 1024K, 24 young (24576K), 3 survivors (3072K)
 Metaspace       used 23133K, committed 23552K, reserved 1114112K
  class space    used 3006K, committed 3200K, reserved 1048576K
}
Event: 1.355 GC heap after
{Heap after GC invocations=8 (full 0):
 garbage-first heap   total 49152K, used 12003K [0x0000000082000000, 0x0000000100000000)
  region size 1024K, 3 young (3072K), 3 survivors (3072K)
 Metaspace       used 23133K, committed 23552K, reserved 1114112K
  class space    used 3006K, committed 3200K, reserved 1048576K
}
Event: 1.528 GC heap before
{Heap before GC invocations=8 (full 0):
 garbage-first heap   total 49152K, used 37603K [0x0000000082000000, 0x0000000100000000)
  region size 1024K, 28 young (28672K), 3 survivors (3072K)
 Metaspace       used 25760K, committed 26240K, reserved 1114112K
  class space    used 3401K, committed 3584K, reserved 1048576K
}
Event: 1.530 GC heap after
{Heap after GC invocations=9 (full 0):
 garbage-first heap   total 49152K, used 13351K [0x0000000082000000, 0x0000000100000000)
  region size 1024K, 4 young (4096K), 4 survivors (4096K)
 Metaspace       used 25760K, committed 26240K, reserved 1114112K
  class space    used 3401K, committed 3584K, reserved 1048576K
}
Event: 1.670 GC heap before
{Heap before GC invocations=9 (full 0):
 garbage-first heap   total 49152K, used 37927K [0x0000000082000000, 0x0000000100000000)
  region size 1024K, 28 young (28672K), 4 survivors (4096K)
 Metaspace       used 27869K, committed 28416K, reserved 1114112K
  class space    used 3649K, committed 3904K, reserved 1048576K
}
Event: 1.672 GC heap after
{Heap after GC invocations=10 (full 0):
 garbage-first heap   total 49152K, used 14476K [0x0000000082000000, 0x0000000100000000)
  region size 1024K, 4 young (4096K), 4 survivors (4096K)
 Metaspace       used 27869K, committed 28416K, reserved 1114112K
  class space    used 3649K, committed 3904K, reserved 1048576K
}

