# JRE version: Java(TM) SE Runtime Environment (21.0.2+13) (build 21.0.2+13-LTS-58)
# Java VM: Java HotSpot(TM) 64-Bit Server VM (21.0.2+13-LTS-58, mixed mode, emulated-client, sharing, tiered, compressed oops, compressed class ptrs, g1 gc, windows-amd64)
GC Precious Log:
 CardTable entry size: 512
 Card Set container configuration: InlinePtr #cards 5 size 8 Array Of Cards #cards 12 size 40 Howl #buckets 4 coarsen threshold 1843 Howl Bitmap #cards 512 size 80 coarsen threshold 460 Card regions per heap region 1 cards per card region 2048
 CPUs: 12 total, 12 available
 Memory: 8062M
 Large Page Support: Disabled
 NUMA Support: Disabled
 Compressed Oops: Enabled (32-bit)
 Heap Region Size: 1M
 Heap Min Capacity: 8M
 Heap Initial Capacity: 126M
 Heap Max Capacity: 2016M
 Pre-touch: Disabled
 Parallel Workers: 10
 Concurrent Workers: 3
 Concurrent Refinement Workers: 10
 Periodic GC: Disabled
Heap:
 garbage-first heap   total 71680K, used 34395K [0x0000000082000000, 0x0000000100000000)
  region size 1024K, 14 young (14336K), 5 survivors (5120K)
 Metaspace       used 49918K, committed 50688K, reserved 1114112K
  class space    used 6506K, committed 6848K, reserved 1048576K
GC Heap History (20 events):
Event: 152.847 GC heap before
{Heap before GC invocations=17 (full 0):
 garbage-first heap   total 71680K, used 61860K [0x0000000082000000, 0x0000000100000000)
  region size 1024K, 42 young (43008K), 4 survivors (4096K)
 Metaspace       used 47423K, committed 48064K, reserved 1114112K
  class space    used 6191K, committed 6464K, reserved 1048576K
}
Event: 152.850 GC heap after
{Heap after GC invocations=18 (full 0):
 garbage-first heap   total 71680K, used 25606K [0x0000000082000000, 0x0000000100000000)
  region size 1024K, 5 young (5120K), 5 survivors (5120K)
 Metaspace       used 47423K, committed 48064K, reserved 1114112K
  class space    used 6191K, committed 6464K, reserved 1048576K
}
Event: 410.262 GC heap before
{Heap before GC invocations=18 (full 0):
 garbage-first heap   total 71680K, used 61446K [0x0000000082000000, 0x0000000100000000)
  region size 1024K, 40 young (40960K), 5 survivors (5120K)
 Metaspace       used 49071K, committed 49856K, reserved 1114112K
  class space    used 6391K, committed 6720K, reserved 1048576K
}
Event: 410.266 GC heap after
{Heap after GC invocations=19 (full 0):
 garbage-first heap   total 71680K, used 26898K [0x0000000082000000, 0x0000000100000000)
  region size 1024K, 2 young (2048K), 2 survivors (2048K)
 Metaspace       used 49071K, committed 49856K, reserved 1114112K
  class space    used 6391K, committed 6720K, reserved 1048576K
}
Event: 728.539 GC heap before
{Heap before GC invocations=19 (full 0):
 garbage-first heap   total 71680K, used 57618K [0x0000000082000000, 0x0000000100000000)
  region size 1024K, 34 young (34816K), 2 survivors (2048K)
 Metaspace       used 49144K, committed 49856K, reserved 1114112K
  class space    used 6412K, committed 6720K, reserved 1048576K
}
Event: 728.566 GC heap after
{Heap after GC invocations=20 (full 1):
 garbage-first heap   total 71680K, used 19701K [0x0000000082000000, 0x0000000100000000)
  region size 1024K, 0 young (0K), 0 survivors (0K)
 Metaspace       used 48782K, committed 49856K, reserved 1114112K
  class space    used 6319K, committed 6720K, reserved 1048576K
}
Event: 729.437 GC heap before
{Heap before GC invocations=20 (full 1):
 garbage-first heap   total 71680K, used 61685K [0x0000000082000000, 0x0000000100000000)
  region size 1024K, 42 young (43008K), 0 survivors (0K)
 Metaspace       used 48935K, committed 49856K, reserved 1114112K
  class space    used 6358K, committed 6720K, reserved 1048576K
}
Event: 729.439 GC heap after
{Heap after GC invocations=21 (full 1):
 garbage-first heap   total 71680K, used 23936K [0x0000000082000000, 0x0000000100000000)
  region size 1024K, 5 young (5120K), 5 survivors (5120K)
 Metaspace       used 48935K, committed 49856K, reserved 1114112K
  class space    used 6358K, committed 6720K, reserved 1048576K
}
Event: 736.092 GC heap before
{Heap before GC invocations=21 (full 1):
 garbage-first heap   total 71680K, used 45440K [0x0000000082000000, 0x0000000100000000)
  region size 1024K, 28 young (28672K), 5 survivors (5120K)
 Metaspace       used 49083K, committed 49856K, reserved 1114112K
  class space    used 6387K, committed 6720K, reserved 1048576K
}
Event: 736.123 GC heap after
{Heap after GC invocations=22 (full 2):
 garbage-first heap   total 71680K, used 23390K [0x0000000082000000, 0x0000000100000000)
  region size 1024K, 0 young (0K), 0 survivors (0K)
 Metaspace       used 49017K, committed 49856K, reserved 1114112K
  class space    used 6371K, committed 6720K, reserved 1048576K
}
Event: 736.387 GC heap before
{Heap before GC invocations=22 (full 2):
 garbage-first heap   total 71680K, used 59230K [0x0000000082000000, 0x0000000100000000)
  region size 1024K, 36 young (36864K), 0 survivors (0K)
 Metaspace       used 49060K, committed 49856K, reserved 1114112K
  class space    used 6382K, committed 6720K, reserved 1048576K
}
Event: 736.389 GC heap after
{Heap after GC invocations=23 (full 2):
 garbage-first heap   total 71680K, used 26462K [0x0000000082000000, 0x0000000100000000)
  region size 1024K, 3 young (3072K), 3 survivors (3072K)
 Metaspace       used 49060K, committed 49856K, reserved 1114112K
  class space    used 6382K, committed 6720K, reserved 1048576K
}
Event: 741.569 GC heap before
{Heap before GC invocations=23 (full 2):
 garbage-first heap   total 71680K, used 59230K [0x0000000082000000, 0x0000000100000000)
  region size 1024K, 36 young (36864K), 3 survivors (3072K)
 Metaspace       used 49108K, committed 49856K, reserved 1114112K
  class space    used 6390K, committed 6720K, reserved 1048576K
}
Event: 741.574 GC heap after
{Heap after GC invocations=24 (full 2):
 garbage-first heap   total 71680K, used 29117K [0x0000000082000000, 0x0000000100000000)
  region size 1024K, 4 young (4096K), 4 survivors (4096K)
 Metaspace       used 49108K, committed 49856K, reserved 1114112K
  class space    used 6390K, committed 6720K, reserved 1048576K
}
Event: 1172.611 GC heap before
{Heap before GC invocations=24 (full 2):
 garbage-first heap   total 71680K, used 57789K [0x0000000082000000, 0x0000000100000000)
  region size 1024K, 33 young (33792K), 4 survivors (4096K)
 Metaspace       used 49108K, committed 49856K, reserved 1114112K
  class space    used 6390K, committed 6720K, reserved 1048576K
}
Event: 1172.617 GC heap after
{Heap after GC invocations=25 (full 2):
 garbage-first heap   total 71680K, used 29651K [0x0000000082000000, 0x0000000100000000)
  region size 1024K, 1 young (1024K), 1 survivors (1024K)
 Metaspace       used 49108K, committed 49856K, reserved 1114112K
  class space    used 6390K, committed 6720K, reserved 1048576K
}
Event: 1460.505 GC heap before
{Heap before GC invocations=25 (full 2):
 garbage-first heap   total 71680K, used 55251K [0x0000000082000000, 0x0000000100000000)
  region size 1024K, 27 young (27648K), 1 survivors (1024K)
 Metaspace       used 49946K, committed 50688K, reserved 1114112K
  class space    used 6511K, committed 6848K, reserved 1048576K
}
Event: 1460.532 GC heap after
{Heap after GC invocations=26 (full 3):
 garbage-first heap   total 71680K, used 23100K [0x0000000082000000, 0x0000000100000000)
  region size 1024K, 0 young (0K), 0 survivors (0K)
 Metaspace       used 49741K, committed 50688K, reserved 1114112K
  class space    used 6464K, committed 6848K, reserved 1048576K
}
Event: 1461.049 GC heap before
{Heap before GC invocations=26 (full 3):
 garbage-first heap   total 71680K, used 59964K [0x0000000082000000, 0x0000000100000000)
  region size 1024K, 37 young (37888K), 0 survivors (0K)
 Metaspace       used 49878K, committed 50688K, reserved 1114112K
  class space    used 6502K, committed 6848K, reserved 1048576K
}
Event: 1461.052 GC heap after
{Heap after GC invocations=27 (full 3):
 garbage-first heap   total 71680K, used 27227K [0x0000000082000000, 0x0000000100000000)
  region size 1024K, 5 young (5120K), 5 survivors (5120K)
 Metaspace       used 49878K, committed 50688K, reserved 1114112K
  class space    used 6502K, committed 6848K, reserved 1048576K
}

