# JRE version: Java(TM) SE Runtime Environment (21.0.2+13) (build 21.0.2+13-LTS-58)
# Java VM: Java HotSpot(TM) 64-Bit Server VM (21.0.2+13-LTS-58, mixed mode, emulated-client, sharing, tiered, compressed oops, compressed class ptrs, g1 gc, windows-amd64)
GC Precious Log:
 CardTable entry size: 512
 Card Set container configuration: InlinePtr #cards 5 size 8 Array Of Cards #cards 12 size 40 Howl #buckets 4 coarsen threshold 1843 Howl Bitmap #cards 512 size 80 coarsen threshold 460 Card regions per heap region 1 cards per card region 2048
 CPUs: 12 total, 12 available
 Memory: 8062M
 Large Page Support: Disabled
 NUMA Support: Disabled
 Compressed Oops: Enabled (32-bit)
 Heap Region Size: 1M
 Heap Min Capacity: 8M
 Heap Initial Capacity: 126M
 Heap Max Capacity: 2016M
 Pre-touch: Disabled
 Parallel Workers: 10
 Concurrent Workers: 3
 Concurrent Refinement Workers: 10
 Periodic GC: Disabled
Heap:
 garbage-first heap   total 63488K, used 24198K [0x0000000082000000, 0x0000000100000000)
  region size 1024K, 9 young (9216K), 4 survivors (4096K)
 Metaspace       used 37620K, committed 38400K, reserved 1114112K
  class space    used 5013K, committed 5376K, reserved 1048576K
GC Heap History (20 events):
Event: 1.191 GC heap before
{Heap before GC invocations=6 (full 0):
 garbage-first heap   total 43008K, used 35097K [0x0000000082000000, 0x0000000100000000)
  region size 1024K, 25 young (25600K), 1 survivors (1024K)
 Metaspace       used 21657K, committed 22016K, reserved 1114112K
  class space    used 2785K, committed 2944K, reserved 1048576K
}
Event: 1.193 GC heap after
{Heap after GC invocations=7 (full 0):
 garbage-first heap   total 43008K, used 11808K [0x0000000082000000, 0x0000000100000000)
  region size 1024K, 3 young (3072K), 3 survivors (3072K)
 Metaspace       used 21657K, committed 22016K, reserved 1114112K
  class space    used 2785K, committed 2944K, reserved 1048576K
}
Event: 1.351 GC heap before
{Heap before GC invocations=7 (full 0):
 garbage-first heap   total 43008K, used 34336K [0x0000000082000000, 0x0000000100000000)
  region size 1024K, 25 young (25600K), 3 survivors (3072K)
 Metaspace       used 22652K, committed 23040K, reserved 1114112K
  class space    used 2936K, committed 3136K, reserved 1048576K
}
Event: 1.353 GC heap after
{Heap after GC invocations=8 (full 0):
 garbage-first heap   total 52224K, used 12643K [0x0000000082000000, 0x0000000100000000)
  region size 1024K, 3 young (3072K), 3 survivors (3072K)
 Metaspace       used 22652K, committed 23040K, reserved 1114112K
  class space    used 2936K, committed 3136K, reserved 1048576K
}
Event: 1.515 GC heap before
{Heap before GC invocations=8 (full 0):
 garbage-first heap   total 52224K, used 39267K [0x0000000082000000, 0x0000000100000000)
  region size 1024K, 30 young (30720K), 3 survivors (3072K)
 Metaspace       used 24518K, committed 24960K, reserved 1114112K
  class space    used 3212K, committed 3392K, reserved 1048576K
}
Event: 1.518 GC heap after
{Heap after GC invocations=9 (full 0):
 garbage-first heap   total 52224K, used 13681K [0x0000000082000000, 0x0000000100000000)
  region size 1024K, 3 young (3072K), 3 survivors (3072K)
 Metaspace       used 24518K, committed 24960K, reserved 1114112K
  class space    used 3212K, committed 3392K, reserved 1048576K
}
Event: 1.712 GC heap before
{Heap before GC invocations=9 (full 0):
 garbage-first heap   total 52224K, used 40305K [0x0000000082000000, 0x0000000100000000)
  region size 1024K, 30 young (30720K), 3 survivors (3072K)
 Metaspace       used 27084K, committed 27584K, reserved 1114112K
  class space    used 3614K, committed 3840K, reserved 1048576K
}
Event: 1.715 GC heap after
{Heap after GC invocations=10 (full 0):
 garbage-first heap   total 52224K, used 15598K [0x0000000082000000, 0x0000000100000000)
  region size 1024K, 3 young (3072K), 3 survivors (3072K)
 Metaspace       used 27084K, committed 27584K, reserved 1114112K
  class space    used 3614K, committed 3840K, reserved 1048576K
}
Event: 1.872 GC heap before
{Heap before GC invocations=10 (full 0):
 garbage-first heap   total 52224K, used 42222K [0x0000000082000000, 0x0000000100000000)
  region size 1024K, 30 young (30720K), 3 survivors (3072K)
 Metaspace       used 29370K, committed 29952K, reserved 1114112K
  class space    used 3877K, committed 4160K, reserved 1048576K
}
Event: 1.875 GC heap after
{Heap after GC invocations=11 (full 0):
 garbage-first heap   total 52224K, used 16670K [0x0000000082000000, 0x0000000100000000)
  region size 1024K, 4 young (4096K), 4 survivors (4096K)
 Metaspace       used 29370K, committed 29952K, reserved 1114112K
  class space    used 3877K, committed 4160K, reserved 1048576K
}
Event: 1.909 GC heap before
{Heap before GC invocations=11 (full 0):
 garbage-first heap   total 52224K, used 22814K [0x0000000082000000, 0x0000000100000000)
  region size 1024K, 11 young (11264K), 4 survivors (4096K)
 Metaspace       used 29679K, committed 30208K, reserved 1114112K
  class space    used 3927K, committed 4160K, reserved 1048576K
}
Event: 1.911 GC heap after
{Heap after GC invocations=12 (full 0):
 garbage-first heap   total 63488K, used 17124K [0x0000000082000000, 0x0000000100000000)
  region size 1024K, 2 young (2048K), 2 survivors (2048K)
 Metaspace       used 29679K, committed 30208K, reserved 1114112K
  class space    used 3927K, committed 4160K, reserved 1048576K
}
Event: 2.129 GC heap before
{Heap before GC invocations=13 (full 0):
 garbage-first heap   total 63488K, used 50916K [0x0000000082000000, 0x0000000100000000)
  region size 1024K, 36 young (36864K), 2 survivors (2048K)
 Metaspace       used 34587K, committed 35200K, reserved 1114112K
  class space    used 4565K, committed 4864K, reserved 1048576K
}
Event: 2.131 GC heap after
{Heap after GC invocations=14 (full 0):
 garbage-first heap   total 63488K, used 18644K [0x0000000082000000, 0x0000000100000000)
  region size 1024K, 4 young (4096K), 4 survivors (4096K)
 Metaspace       used 34587K, committed 35200K, reserved 1114112K
  class space    used 4565K, committed 4864K, reserved 1048576K
}
Event: 2.339 GC heap before
{Heap before GC invocations=14 (full 0):
 garbage-first heap   total 63488K, used 52436K [0x0000000082000000, 0x0000000100000000)
  region size 1024K, 37 young (37888K), 4 survivors (4096K)
 Metaspace       used 36997K, committed 37632K, reserved 1114112K
  class space    used 4904K, committed 5184K, reserved 1048576K
}
Event: 2.342 GC heap after
{Heap after GC invocations=15 (full 0):
 garbage-first heap   total 63488K, used 20505K [0x0000000082000000, 0x0000000100000000)
  region size 1024K, 5 young (5120K), 5 survivors (5120K)
 Metaspace       used 36997K, committed 37632K, reserved 1114112K
  class space    used 4904K, committed 5184K, reserved 1048576K
}
Event: 118.009 GC heap before
{Heap before GC invocations=15 (full 0):
 garbage-first heap   total 63488K, used 32793K [0x0000000082000000, 0x0000000100000000)
  region size 1024K, 18 young (18432K), 5 survivors (5120K)
 Metaspace       used 37608K, committed 38400K, reserved 1114112K
  class space    used 5012K, committed 5376K, reserved 1048576K
}
Event: 118.033 GC heap after
{Heap after GC invocations=16 (full 1):
 garbage-first heap   total 63488K, used 16889K [0x0000000082000000, 0x0000000100000000)
  region size 1024K, 0 young (0K), 0 survivors (0K)
 Metaspace       used 37554K, committed 38400K, reserved 1114112K
  class space    used 4999K, committed 5376K, reserved 1048576K
}
Event: 118.314 GC heap before
{Heap before GC invocations=16 (full 1):
 garbage-first heap   total 63488K, used 50681K [0x0000000082000000, 0x0000000100000000)
  region size 1024K, 34 young (34816K), 0 survivors (0K)
 Metaspace       used 37595K, committed 38400K, reserved 1114112K
  class space    used 5010K, committed 5376K, reserved 1048576K
}
Event: 118.316 GC heap after
{Heap after GC invocations=17 (full 1):
 garbage-first heap   total 63488K, used 20102K [0x0000000082000000, 0x0000000100000000)
  region size 1024K, 4 young (4096K), 4 survivors (4096K)
 Metaspace       used 37595K, committed 38400K, reserved 1114112K
  class space    used 5010K, committed 5376K, reserved 1048576K
}

